\BOOKMARK [0][-]{chapter.1}{Introduction}{}% 1
\BOOKMARK [1][-]{section.1.1}{About AQUAgpusph }{chapter.1}% 2
\BOOKMARK [1][-]{section.1.2}{License notes}{chapter.1}% 3
\BOOKMARK [1][-]{section.1.3}{Objectives of the present document}{chapter.1}% 4
\BOOKMARK [1][-]{section.1.4}{Required background}{chapter.1}% 5
\BOOKMARK [1][-]{section.1.5}{Organization of this document}{chapter.1}% 6
\BOOKMARK [0][-]{chapter.2}{Physical and numerical model}{}% 7
\BOOKMARK [1][-]{section.2.1}{General}{chapter.2}% 8
\BOOKMARK [1][-]{section.2.2}{Governing equations}{chapter.2}% 9
\BOOKMARK [2][-]{subsection.2.2.1}{Field equations}{section.2.2}% 10
\BOOKMARK [2][-]{subsection.2.2.2}{Boundary conditions}{section.2.2}% 11
\BOOKMARK [2][-]{subsection.2.2.3}{Initial conditions}{section.2.2}% 12
\BOOKMARK [1][-]{section.2.3}{SPH approximation}{chapter.2}% 13
\BOOKMARK [2][-]{subsection.2.3.1}{General}{section.2.3}% 14
\BOOKMARK [2][-]{subsection.2.3.2}{Continuous model}{section.2.3}% 15
\BOOKMARK [2][-]{subsection.2.3.3}{Discretized model}{section.2.3}% 16
\BOOKMARK [2][-]{subsection.2.3.4}{AQUAgpusph discretized operators used}{section.2.3}% 17
\BOOKMARK [2][-]{subsection.2.3.5}{Boundary conditions}{section.2.3}% 18
\BOOKMARK [2][-]{subsection.2.3.6}{Initial condition}{section.2.3}% 19
\BOOKMARK [2][-]{subsection.2.3.7}{Time numerical integration}{section.2.3}% 20
\BOOKMARK [0][-]{chapter.3}{Install AQUAgpusph }{}% 21
\BOOKMARK [1][-]{section.3.1}{General}{chapter.3}% 22
\BOOKMARK [1][-]{section.3.2}{Dependencies}{chapter.3}% 23
\BOOKMARK [1][-]{section.3.3}{Install}{chapter.3}% 24
\BOOKMARK [2][-]{subsection.3.3.1}{General}{section.3.3}% 25
\BOOKMARK [2][-]{subsection.3.3.2}{CMake configuration}{section.3.3}% 26
\BOOKMARK [2][-]{subsection.3.3.3}{CMake configuration with ccmake}{section.3.3}% 27
\BOOKMARK [2][-]{subsection.3.3.4}{Compilation}{section.3.3}% 28
\BOOKMARK [2][-]{subsection.3.3.5}{Install}{section.3.3}% 29
\BOOKMARK [0][-]{chapter.4}{Case setup options glossary}{}% 30
\BOOKMARK [1][-]{section.4.1}{General}{chapter.4}% 31
\BOOKMARK [1][-]{section.4.2}{XML definition}{chapter.4}% 32
\BOOKMARK [2][-]{subsection.4.2.1}{General}{section.4.2}% 33
\BOOKMARK [2][-]{subsection.4.2.2}{Settings group}{section.4.2}% 34
\BOOKMARK [2][-]{subsection.4.2.3}{OpenCL}{section.4.2}% 35
\BOOKMARK [2][-]{subsection.4.2.4}{Timing group}{section.4.2}% 36
\BOOKMARK [2][-]{subsection.4.2.5}{SPH}{section.4.2}% 37
\BOOKMARK [2][-]{subsection.4.2.6}{Fluid}{section.4.2}% 38
\BOOKMARK [2][-]{subsection.4.2.7}{Sensors}{section.4.2}% 39
\BOOKMARK [2][-]{subsection.4.2.8}{Movements}{section.4.2}% 40
\BOOKMARK [2][-]{subsection.4.2.9}{GhostParticles}{section.4.2}% 41
\BOOKMARK [1][-]{section.4.3}{Particles distribution file}{chapter.4}% 42
\BOOKMARK [2][-]{subsection.4.3.1}{ASCII formatted file}{section.4.3}% 43
\BOOKMARK [2][-]{subsection.4.3.2}{GiD formatted file}{section.4.3}% 44
\BOOKMARK [2][-]{subsection.4.3.3}{XML formatted file}{section.4.3}% 45
\BOOKMARK [0][-]{chapter.5}{Running AQUAgpusph }{}% 46
\BOOKMARK [1][-]{section.5.1}{Launching simulation}{chapter.5}% 47
\BOOKMARK [1][-]{section.5.2}{Tracking simulation}{chapter.5}% 48
\BOOKMARK [2][-]{subsection.5.2.1}{General}{section.5.2}% 49
\BOOKMARK [2][-]{subsection.5.2.2}{Screen log information}{section.5.2}% 50
\BOOKMARK [2][-]{subsection.5.2.3}{HTML log file}{section.5.2}% 51
\BOOKMARK [2][-]{subsection.5.2.4}{Messages glossary}{section.5.2}% 52
\BOOKMARK [0][-]{chapter.6}{PostProcessing simulations}{}% 53
\BOOKMARK [1][-]{section.6.1}{General}{chapter.6}% 54
\BOOKMARK [1][-]{section.6.2}{Energy data file}{chapter.6}% 55
\BOOKMARK [1][-]{section.6.3}{Bounds data file}{chapter.6}% 56
\BOOKMARK [1][-]{section.6.4}{Sensors data file}{chapter.6}% 57
\BOOKMARK [1][-]{section.6.5}{Visualization files}{chapter.6}% 58
\BOOKMARK [2][-]{subsection.6.5.1}{General}{section.6.5}% 59
\BOOKMARK [2][-]{subsection.6.5.2}{H5Part}{section.6.5}% 60
\BOOKMARK [0][-]{chapter.7}{AQUAgpusph in detail}{}% 61
\BOOKMARK [1][-]{section.7.1}{General}{chapter.7}% 62
\BOOKMARK [1][-]{section.7.2}{Arguments manager}{chapter.7}% 63
\BOOKMARK [1][-]{section.7.3}{Problem setup}{chapter.7}% 64
\BOOKMARK [1][-]{section.7.4}{Leap-Frog integration scheme}{chapter.7}% 65
\BOOKMARK [1][-]{section.7.5}{Link-List}{chapter.7}% 66
\BOOKMARK [1][-]{section.7.6}{Particles interactions}{chapter.7}% 67
\BOOKMARK [2][-]{subsection.7.6.1}{Unsorted output arguments}{section.7.6}% 68
\BOOKMARK [2][-]{subsection.7.6.2}{Coalescence read}{section.7.6}% 69
\BOOKMARK [1][-]{section.7.7}{Boundary conditions}{chapter.7}% 70
\BOOKMARK [2][-]{subsection.7.7.1}{General}{section.7.7}% 71
\BOOKMARK [2][-]{subsection.7.7.2}{Elastic bounce}{section.7.7}% 72
\BOOKMARK [2][-]{subsection.7.7.3}{Fix particles}{section.7.7}% 73
\BOOKMARK [2][-]{subsection.7.7.4}{Boundary integrals, formerly `DeLeffe'}{section.7.7}% 74
\BOOKMARK [2][-]{subsection.7.7.5}{Ghost particles}{section.7.7}% 75
\BOOKMARK [1][-]{section.7.8}{Motions}{chapter.7}% 76
\BOOKMARK [2][-]{subsection.7.8.1}{General}{section.7.8}% 77
\BOOKMARK [2][-]{subsection.7.8.2}{Motion types}{section.7.8}% 78
\BOOKMARK [2][-]{subsection.7.8.3}{Computation methods}{section.7.8}% 79
\BOOKMARK [1][-]{section.7.9}{Sensors}{chapter.7}% 80
\BOOKMARK [0][-]{chapter.8}{Examples}{}% 81
\BOOKMARK [1][-]{section.8.1}{General}{chapter.8}% 82
\BOOKMARK [1][-]{section.8.2}{Lateral water impact 1x, with De Leffe boundary condition}{chapter.8}% 83
\BOOKMARK [2][-]{subsection.8.2.1}{General}{section.8.2}% 84
\BOOKMARK [2][-]{subsection.8.2.2}{Case description}{section.8.2}% 85
\BOOKMARK [2][-]{subsection.8.2.3}{Creating folder and files}{section.8.2}% 86
\BOOKMARK [2][-]{subsection.8.2.4}{Setting physical model}{section.8.2}% 87
\BOOKMARK [2][-]{subsection.8.2.5}{Spatial discretization}{section.8.2}% 88
\BOOKMARK [2][-]{subsection.8.2.6}{Time discretization}{section.8.2}% 89
\BOOKMARK [2][-]{subsection.8.2.7}{Output configuration}{section.8.2}% 90
\BOOKMARK [2][-]{subsection.8.2.8}{Other options}{section.8.2}% 91
\BOOKMARK [2][-]{subsection.8.2.9}{Main XML definition file}{section.8.2}% 92
\BOOKMARK [2][-]{subsection.8.2.10}{Run the simulation}{section.8.2}% 93
\BOOKMARK [2][-]{subsection.8.2.11}{Post-process the simulation}{section.8.2}% 94
\BOOKMARK [2][-]{subsection.8.2.12}{Conclusions}{section.8.2}% 95
\BOOKMARK [1][-]{section.8.3}{Lateral water impact 1x, with Ghost particles boundary condition}{chapter.8}% 96
\BOOKMARK [2][-]{subsection.8.3.1}{General}{section.8.3}% 97
\BOOKMARK [2][-]{subsection.8.3.2}{Case description}{section.8.3}% 98
\BOOKMARK [2][-]{subsection.8.3.3}{Settings changes required to modify the boundary condition}{section.8.3}% 99
\BOOKMARK [2][-]{subsection.8.3.4}{Running the example installed version}{section.8.3}% 100
\BOOKMARK [2][-]{subsection.8.3.5}{Post-process the simulation}{section.8.3}% 101
\BOOKMARK [2][-]{subsection.8.3.6}{Conclusions}{section.8.3}% 102
\BOOKMARK [0][-]{section*.32}{Appendices}{}% 103
\BOOKMARK [0][-]{Appendix.1.A}{Directory tree}{}% 104
\BOOKMARK [0][-]{chapter*.33}{Bibliography}{}% 105
